<?xml version="1.0" encoding="UTF-8"?>
<testsuite xmlns:xsi="http://www.w3.org/2001/XMLSchema-instance" xsi:schemaLocation="https://maven.apache.org/surefire/maven-surefire-plugin/xsd/surefire-test-report.xsd" name="com.test.roaddetails.RunCukesTest" time="4.195" tests="8" errors="2" skipped="0" failures="0">
  <properties>
[...]
</properties>
  <testcase name="Given a valid a2 is specified" classname="Scenario: Road ID is valid" time="0.003"/>
  <testcase name="When the client is run appId as 4a75af26 appKey as 9be8231002849a9ba64ed977d67d1469" classname="Scenario: Road ID is valid" time="0"/>
  <testcase name="Then the road A2,Closure,Closure  should be displayed" classname="Scenario: Road ID is valid" time="0"/>
  <testcase name="Scenario: Road ID is valid" classname="Scenario: Road ID is valid" time="0"/>
  <testcase name="Given a invalid a223 is specified" classname="Scenario: Road ID is invalid" time="0"/>
  <testcase name="When the application client is run appId as 4a75af26 appKey as 9be8231002849a9ba64ed977d67d1469" classname="Scenario: Road ID is invalid" time="0"/>
  <testcase name="Then the road  a223 should be displayed as invalid" classname="Scenario: Road ID is invalid" time="0.006">
    <error message="https://api.tfl.gov.uk/Road/a223?app_id=4a75af26&amp;app_key=9be8231002849a9ba64ed977d67d1469" type="java.io.FileNotFoundException"><![CDATA[java.io.FileNotFoundException: https://api.tfl.gov.uk/Road/a223?app_id=4a75af26&app_key=9be8231002849a9ba64ed977d67d1469
Caused by: java.io.FileNotFoundException: https://api.tfl.gov.uk/Road/a223?app_id=4a75af26&app_key=9be8231002849a9ba64ed977d67d1469
]]></error>
    <system-out><![CDATA[url :: https://api.tfl.gov.uk/Road/a223?app_id=4a75af26&app_key=9be8231002849a9ba64ed977d67d1469

Sending 'GET' request to URL : https://api.tfl.gov.uk/Road/a223?app_id=4a75af26&app_key=9be8231002849a9ba64ed977d67d1469
Response Code : 404
]]></system-out>
  </testcase>
  <testcase name="Scenario: Road ID is invalid" classname="Scenario: Road ID is invalid" time="0.008">
    <error message="https://api.tfl.gov.uk/Road/a223?app_id=4a75af26&amp;app_key=9be8231002849a9ba64ed977d67d1469" type="java.io.FileNotFoundException"><![CDATA[java.io.FileNotFoundException: https://api.tfl.gov.uk/Road/a223?app_id=4a75af26&app_key=9be8231002849a9ba64ed977d67d1469
Caused by: java.io.FileNotFoundException: https://api.tfl.gov.uk/Road/a223?app_id=4a75af26&app_key=9be8231002849a9ba64ed977d67d1469
]]></error>
  </testcase>
</testsuite>